[22:45:34.480][INFO]: CoT: Successfully identified and loaded ContentTweaker plugin contenttweaker:vanilla
[22:45:34.491][INFO]: CoT: Successfully identified and loaded ContentTweaker plugin contenttweaker:forge
[22:45:34.759][INFO]: Successfully identified and loaded plugin contenttweaker:core
[22:45:34.766][INFO]: Successfully identified and loaded plugin jeitweaker:default
[22:45:34.784][INFO]: Successfully identified and loaded plugin crafttweaker:builtin
[22:45:34.789][INFO]: Successfully identified and loaded plugin crafttweaker:builtin_forge
[22:45:34.798][INFO]: Successfully identified and loaded plugin immersiveengineering:ct_module
[22:45:37.885][INFO]: The following mods have explicit CraftTweaker support through the default plugin:
[22:45:37.888][INFO]: - 'contenttweaker' at version '1.0.0+13'
[22:45:37.888][INFO]: - 'crafttweaker' at version '9.1.211'
[22:45:37.888][INFO]: - 'createtweaker' at version '2.0.0.20'
[22:45:37.889][INFO]: - 'farmersdelight' at version '1.18.2-1.2.3'
[22:45:37.889][INFO]: - 'immersivepetroleum' at version '4.2.0-25'
[22:45:37.890][INFO]: - 'jeitweaker' at version '3.0.0.9'
[22:45:40.567][INFO]: Started loading scripts for loader 'contenttweaker'
[22:45:42.821][INFO]: Compiling and executing scripts
[22:45:43.812][INFO]: Successfully initialized modules [crafttweaker, contenttweaker, expansions]
[22:45:43.834][INFO]: Loading file 'Generic\newitem.zs' with priority 0
[22:45:45.247][INFO]: Registering object of type minecraft:creative_tab[S]{net.minecraft.world.item.CreativeModeTab} with name minecraft:deceased_tab
[22:45:45.296][INFO]: Registering object of type minecraft:item[R]{net.minecraft.world.item.Item} with name contenttweaker:horde_beacon
[22:45:45.473][INFO]: Registering object of type minecraft:item[R]{net.minecraft.world.item.Item} with name contenttweaker:incomplete_solar_panel
[22:45:45.520][INFO]: Registering object of type minecraft:item[R]{net.minecraft.world.item.Item} with name contenttweaker:incomplete_ender_pearl
[22:45:45.522][INFO]: Registering object of type minecraft:item[R]{net.minecraft.world.item.Item} with name contenttweaker:polyethylene
[22:45:45.523][INFO]: Registering object of type minecraft:item[R]{net.minecraft.world.item.Item} with name contenttweaker:high_carbon_steel_alloy
[22:45:45.525][INFO]: Registering object of type minecraft:item[R]{net.minecraft.world.item.Item} with name contenttweaker:resistant_fiber
[22:45:45.527][INFO]: Registering object of type minecraft:item[R]{net.minecraft.world.item.Item} with name contenttweaker:resistant_fabric
[22:45:45.529][INFO]: Registering object of type minecraft:item[R]{net.minecraft.world.item.Item} with name contenttweaker:rubber
[22:45:45.530][INFO]: Registering object of type minecraft:item[R]{net.minecraft.world.item.Item} with name contenttweaker:research_paper_1
[22:45:45.532][INFO]: Registering object of type minecraft:item[R]{net.minecraft.world.item.Item} with name contenttweaker:research_paper_2
[22:45:45.535][INFO]: Registering object of type minecraft:item[R]{net.minecraft.world.item.Item} with name contenttweaker:research_paper_3
[22:45:45.537][INFO]: Registering object of type minecraft:item[R]{net.minecraft.world.item.Item} with name contenttweaker:research_paper_4
[22:45:45.538][INFO]: Registering object of type minecraft:item[R]{net.minecraft.world.item.Item} with name contenttweaker:research_paper_5
[22:45:45.540][INFO]: Registering object of type minecraft:item[R]{net.minecraft.world.item.Item} with name contenttweaker:research_book
[22:45:45.570][INFO]: Registering object of type minecraft:item[R]{net.minecraft.world.item.Item} with name contenttweaker:formula_x
[22:45:45.612][INFO]: Registering object of type minecraft:item[R]{net.minecraft.world.item.Item} with name contenttweaker:incomplete_electron_tube
[22:45:45.655][INFO]: Registering object of type minecraft:item[R]{net.minecraft.world.item.Item} with name contenttweaker:incomplete_component_electronic
[22:45:45.661][INFO]: Registering object of type minecraft:item[R]{net.minecraft.world.item.Item} with name contenttweaker:incomplete_component_electronic_adv
[22:45:45.664][INFO]: Registering object of type minecraft:item[R]{net.minecraft.world.item.Item} with name contenttweaker:silica_dust
[22:45:45.666][INFO]: Registering object of type minecraft:item[R]{net.minecraft.world.item.Item} with name contenttweaker:incomplete_basic_processor
[22:45:45.669][INFO]: Registering object of type minecraft:item[R]{net.minecraft.world.item.Item} with name contenttweaker:incomplete_improved_processor
[22:45:45.674][INFO]: Registering object of type minecraft:item[R]{net.minecraft.world.item.Item} with name contenttweaker:incomplete_advanced_processor
[22:45:45.680][INFO]: Registering object of type minecraft:item[R]{net.minecraft.world.item.Item} with name contenttweaker:incomplete_1k_storage_part
[22:45:45.682][INFO]: Registering object of type minecraft:item[R]{net.minecraft.world.item.Item} with name contenttweaker:incomplete_4k_storage_part
[22:45:45.683][INFO]: Registering object of type minecraft:item[R]{net.minecraft.world.item.Item} with name contenttweaker:incomplete_16k_storage_part
[22:45:45.690][INFO]: Registering object of type minecraft:item[R]{net.minecraft.world.item.Item} with name contenttweaker:incomplete_64k_storage_part
[22:45:45.696][INFO]: Registering object of type minecraft:item[R]{net.minecraft.world.item.Item} with name contenttweaker:incomplete_64k_fluid_storage_part
[22:45:45.698][INFO]: Registering object of type minecraft:item[R]{net.minecraft.world.item.Item} with name contenttweaker:incomplete_256k_fluid_storage_part
[22:45:45.700][INFO]: Registering object of type minecraft:item[R]{net.minecraft.world.item.Item} with name contenttweaker:incomplete_1024k_fluid_storage_part
[22:45:45.735][INFO]: Registering object of type minecraft:item[R]{net.minecraft.world.item.Item} with name contenttweaker:incomplete_4096k_fluid_storage_part
[22:45:45.738][INFO]: Registering object of type minecraft:item[R]{net.minecraft.world.item.Item} with name contenttweaker:x_factor
[22:45:45.740][INFO]: Registering object of type minecraft:item[R]{net.minecraft.world.item.Item} with name contenttweaker:mold_basic_processor
[22:45:45.744][INFO]: Registering object of type minecraft:item[R]{net.minecraft.world.item.Item} with name contenttweaker:mold_improved_processor
[22:45:45.747][INFO]: Registering object of type minecraft:item[R]{net.minecraft.world.item.Item} with name contenttweaker:mold_advanced_processor
[22:45:45.748][INFO]: Registering object of type minecraft:item[R]{net.minecraft.world.item.Item} with name contenttweaker:incomplete_bullet
[22:45:45.750][INFO]: Registering object of type minecraft:item[R]{net.minecraft.world.item.Item} with name contenttweaker:bullet_casing_9mm_round
[22:45:45.752][INFO]: Registering object of type minecraft:item[R]{net.minecraft.world.item.Item} with name contenttweaker:bullet_casing_10_gauge_round
[22:45:45.754][INFO]: Registering object of type minecraft:item[R]{net.minecraft.world.item.Item} with name contenttweaker:bullet_casing_46x30
[22:45:45.757][INFO]: Registering object of type minecraft:item[R]{net.minecraft.world.item.Item} with name contenttweaker:bullet_casing_50bmg
[22:45:45.759][INFO]: Registering object of type minecraft:item[R]{net.minecraft.world.item.Item} with name contenttweaker:bullet_casing_57x28
[22:45:45.761][INFO]: Registering object of type minecraft:item[R]{net.minecraft.world.item.Item} with name contenttweaker:bullet_casing_58x42
[22:45:45.762][INFO]: Registering object of type minecraft:item[R]{net.minecraft.world.item.Item} with name contenttweaker:bullet_casing_762x25
[22:45:45.783][INFO]: Registering object of type minecraft:item[R]{net.minecraft.world.item.Item} with name contenttweaker:bullet_casing_762x39
[22:45:45.787][INFO]: Registering object of type minecraft:item[R]{net.minecraft.world.item.Item} with name contenttweaker:bullet_casing_762x54
[22:45:45.790][INFO]: Registering object of type minecraft:item[R]{net.minecraft.world.item.Item} with name contenttweaker:bullet_casing_ae50
[22:45:45.792][INFO]: Registering object of type minecraft:item[R]{net.minecraft.world.item.Item} with name contenttweaker:bullet_casing_bmagnum
[22:45:45.797][INFO]: Registering object of type minecraft:item[R]{net.minecraft.world.item.Item} with name contenttweaker:bullet_casing_bullet68
[22:45:45.823][INFO]: Registering object of type minecraft:item[R]{net.minecraft.world.item.Item} with name contenttweaker:bullet_casing_bullet308
[22:45:45.824][INFO]: Registering object of type minecraft:item[R]{net.minecraft.world.item.Item} with name contenttweaker:bullet_casing_lapua338
[22:45:45.826][INFO]: Registering object of type minecraft:item[R]{net.minecraft.world.item.Item} with name contenttweaker:bullet_casing_nato556
[22:45:45.827][INFO]: Registering object of type minecraft:item[R]{net.minecraft.world.item.Item} with name contenttweaker:bullet_casing_round45
[22:45:45.838][INFO]: Registering object of type minecraft:item[R]{net.minecraft.world.item.Item} with name contenttweaker:bullet_casing_win3030
[22:45:45.839][INFO]: Registering object of type minecraft:item[R]{net.minecraft.world.item.Item} with name contenttweaker:mold_bullet_casing_9mm_round
[22:45:45.841][INFO]: Registering object of type minecraft:item[R]{net.minecraft.world.item.Item} with name contenttweaker:mold_bullet_casing_10_gauge_round
[22:45:45.843][INFO]: Registering object of type minecraft:item[R]{net.minecraft.world.item.Item} with name contenttweaker:mold_bullet_casing_46x30
[22:45:45.844][INFO]: Registering object of type minecraft:item[R]{net.minecraft.world.item.Item} with name contenttweaker:mold_bullet_casing_50bmg
[22:45:45.846][INFO]: Registering object of type minecraft:item[R]{net.minecraft.world.item.Item} with name contenttweaker:mold_bullet_casing_57x28
[22:45:45.848][INFO]: Registering object of type minecraft:item[R]{net.minecraft.world.item.Item} with name contenttweaker:mold_bullet_casing_58x42
[22:45:45.852][INFO]: Registering object of type minecraft:item[R]{net.minecraft.world.item.Item} with name contenttweaker:mold_bullet_casing_762x25
[22:45:45.855][INFO]: Registering object of type minecraft:item[R]{net.minecraft.world.item.Item} with name contenttweaker:mold_bullet_casing_762x39
[22:45:45.872][INFO]: Registering object of type minecraft:item[R]{net.minecraft.world.item.Item} with name contenttweaker:mold_bullet_casing_762x54
[22:45:45.874][INFO]: Registering object of type minecraft:item[R]{net.minecraft.world.item.Item} with name contenttweaker:mold_bullet_casing_ae50
[22:45:45.890][INFO]: Registering object of type minecraft:item[R]{net.minecraft.world.item.Item} with name contenttweaker:mold_bullet_casing_bmagnum
[22:45:45.892][INFO]: Registering object of type minecraft:item[R]{net.minecraft.world.item.Item} with name contenttweaker:mold_bullet_casing_bullet68
[22:45:45.893][INFO]: Registering object of type minecraft:item[R]{net.minecraft.world.item.Item} with name contenttweaker:mold_bullet_casing_bullet308
[22:45:45.928][INFO]: Registering object of type minecraft:item[R]{net.minecraft.world.item.Item} with name contenttweaker:mold_bullet_casing_lapua338
[22:45:45.933][INFO]: Registering object of type minecraft:item[R]{net.minecraft.world.item.Item} with name contenttweaker:mold_bullet_casing_nato556
[22:45:45.938][INFO]: Registering object of type minecraft:item[R]{net.minecraft.world.item.Item} with name contenttweaker:mold_bullet_casing_round45
[22:45:45.940][INFO]: Registering object of type minecraft:item[R]{net.minecraft.world.item.Item} with name contenttweaker:mold_bullet_casing_win3030
[22:45:45.941][INFO]: Registering object of type minecraft:item[R]{net.minecraft.world.item.Item} with name contenttweaker:incomplete_battery
[22:45:45.943][INFO]: Registering object of type minecraft:item[R]{net.minecraft.world.item.Item} with name contenttweaker:incomplete_engine_piston
[22:45:45.944][INFO]: Registering object of type minecraft:item[R]{net.minecraft.world.item.Item} with name contenttweaker:incomplete_engine_3_cylinder
[22:45:45.946][INFO]: Registering object of type minecraft:item[R]{net.minecraft.world.item.Item} with name contenttweaker:incomplete_engine_6_cylinder
[22:45:45.948][INFO]: Registering object of type minecraft:item[R]{net.minecraft.world.item.Item} with name contenttweaker:incomplete_engine_truck
[22:45:45.950][INFO]: Registering object of type minecraft:item[R]{net.minecraft.world.item.Item} with name contenttweaker:incomplete_wheel
[22:45:45.952][INFO]: Registering object of type minecraft:item[R]{net.minecraft.world.item.Item} with name contenttweaker:incomplete_big_wheel
[22:45:45.953][INFO]: Registering object of type minecraft:item[R]{net.minecraft.world.item.Item} with name contenttweaker:incomplete_small_tank
[22:45:45.955][INFO]: Registering object of type minecraft:item[R]{net.minecraft.world.item.Item} with name contenttweaker:incomplete_medium_tank
[22:45:45.956][INFO]: Registering object of type minecraft:item[R]{net.minecraft.world.item.Item} with name contenttweaker:incomplete_large_tank
[22:45:45.959][INFO]: Execution for loader 'contenttweaker' completed successfully
[22:46:32.406][INFO]: Started loading scripts for loader 'initialize'
[22:46:32.488][INFO]: Compiling and executing scripts
[22:46:32.490][INFO]: Successfully initialized modules [crafttweaker, expansions]
[22:46:32.544][INFO]: Execution for loader 'initialize' completed successfully
